module.js:338
    throw err;
          ^
Error: Cannot find module 'babel-polyfill'
    at Function.Module._resolveFilename (module.js:336:15)
    at Function.Module._load (module.js:278:25)
    at Module.require (module.js:365:17)
    at require (module.js:384:17)
    at Object.<anonymous> (/netop-worker/files/bin/start-server.js:3:1)
    at Module._compile (module.js:460:26)
    at Object.Module._extensions..js (module.js:478:10)
    at Module.load (module.js:355:32)
    at Function.Module._load (module.js:310:12)
    at Function.Module.runMain (module.js:501:10)
events.js:85
      throw er; // Unhandled 'error' event
            ^
Error: Unexpected close
    at succeed (/netop-worker/files/node_modules/amqplib/lib/connection.js:270:13)
    at onOpenOk (/netop-worker/files/node_modules/amqplib/lib/connection.js:252:5)
    at /netop-worker/files/node_modules/amqplib/lib/connection.js:165:32
    at /netop-worker/files/node_modules/amqplib/lib/connection.js:159:12
    at Socket.recv (/netop-worker/files/node_modules/amqplib/lib/connection.js:495:12)
    at Socket.g (events.js:199:16)
    at Socket.emit (events.js:104:17)
    at emitReadable_ (_stream_readable.js:424:10)
    at emitReadable (_stream_readable.js:418:7)
    at readableAddChunk (_stream_readable.js:174:11)
