module.js:338
    throw err;
          ^
Error: Cannot find module 'netop-util'
    at Function.Module._resolveFilename (module.js:336:15)
    at Function.Module._load (module.js:278:25)
    at Module.require (module.js:365:17)
    at require (module.js:384:17)
    at Object.<anonymous> (/netop-worker/files/server.js:261:1)
    at Module._compile (module.js:460:26)
    at Object.Module._extensions..js (module.js:478:10)
    at Module.load (module.js:355:32)
    at Function.Module._load (module.js:310:12)
    at Function.Module.runMain (module.js:501:10)
createCredentials() is deprecated, use tls.createSecureContext instead
Credentials is deprecated, use tls.createSecureContext instead
createCredentials() is deprecated, use tls.createSecureContext instead
Credentials is deprecated, use tls.createSecureContext instead
events.js:85
      throw er; // Unhandled 'error' event
            ^
Error: Redis connection to 172.17.0.1:6379 failed - read ECONNRESET
    at RedisClient.on_error (/netop-worker/files/node_modules/netop-storage/node_modules/redis/index.js:196:24)
    at Socket.<anonymous> (/netop-worker/files/node_modules/netop-storage/node_modules/redis/index.js:106:14)
    at Socket.emit (events.js:107:17)
    at net.js:459:14
    at process._tickDomainCallback (node.js:381:11)
